2024-03-28 17:55:51
URL:    /api/getLibrary
Connected to MUSIC_LIBRARY...
SQL:    select artist_name, album_year, album_name, song_title, plays from songs join albums on songs.album_id = albums.album_id join artists on albums.artist_id = artists.artist_id order by artist_name, album_year, album_name, position asc
Disconnected from MUSIC_LIBRARY.
2024-03-28 17:55:56
URL:    /api/getArtists
Connected to MUSIC_LIBRARY...
SQL:    select * from artists order by artist_name asc
Disconnected from MUSIC_LIBRARY.
2024-03-28 17:55:58
URL:    /api/getAlbums
Connected to MUSIC_LIBRARY...
SQL:    select * from albums order by album_name, album_year asc
Disconnected from MUSIC_LIBRARY.
2024-03-28 17:56:00
URL:    /api/getSongs
Connected to MUSIC_LIBRARY...
SQL:    select * from songs order by song_title asc
Disconnected from MUSIC_LIBRARY.
2024-03-28 17:56:11
URL:    /api/addArtist?artistName=Black Tiger Sex Machine
Connected to MUSIC_LIBRARY...
SQL:    insert into artists(artist_name) values(?)
Disconnected from MUSIC_LIBRARY.
2024-03-28 17:56:14
URL:    /api/getArtists
Connected to MUSIC_LIBRARY...
SQL:    select * from artists order by artist_name asc
Disconnected from MUSIC_LIBRARY.
2024-03-28 17:56:23
URL:    /api/addAlbum?artistId=1&albumYear=2023&albumName=Portals
Connected to MUSIC_LIBRARY...
SQL:    insert into albums(artist_id, album_year, album_name) values(?, ?, ?)
Disconnected from MUSIC_LIBRARY.
2024-03-28 17:56:36
URL:    /api/getAlbums
Connected to MUSIC_LIBRARY...
SQL:    select * from albums order by album_name, album_year asc
Disconnected from MUSIC_LIBRARY.
2024-03-28 17:56:47
URL:    /api/addSong?albumId=1&position=1&songTitle=Sword in Stone
Connected to MUSIC_LIBRARY...
SQL:    insert into songs(artist_id, album_id, position, song_title) values((select artist_id from albums where album_id = ?), ?, ?, ?)
Disconnected from MUSIC_LIBRARY.
2024-03-28 17:57:02
URL:    /api/getSongs
Connected to MUSIC_LIBRARY...
SQL:    select * from songs order by song_title asc
Disconnected from MUSIC_LIBRARY.
2024-03-28 17:57:30
URL:    /api/addSong?albumId=1&position=2&songTitle=Skull Machine
Connected to MUSIC_LIBRARY...
SQL:    insert into songs(artist_id, album_id, position, song_title) values((select artist_id from albums where album_id = ?), ?, ?, ?)
Disconnected from MUSIC_LIBRARY.
2024-03-28 17:57:43
URL:    /api/addSong?albumId=1&position=6&songTitle=Mindstate
Connected to MUSIC_LIBRARY...
SQL:    insert into songs(artist_id, album_id, position, song_title) values((select artist_id from albums where album_id = ?), ?, ?, ?)
Disconnected from MUSIC_LIBRARY.
2024-03-28 17:57:50
URL:    /api/addSong?albumId=1&position=10&songTitle=Die a God
Connected to MUSIC_LIBRARY...
SQL:    insert into songs(artist_id, album_id, position, song_title) values((select artist_id from albums where album_id = ?), ?, ?, ?)
Disconnected from MUSIC_LIBRARY.
2024-03-28 17:57:53
URL:    /api/getSongs
Connected to MUSIC_LIBRARY...
SQL:    select * from songs order by song_title asc
Disconnected from MUSIC_LIBRARY.
2024-03-28 17:57:57
URL:    /api/getLibrary
Connected to MUSIC_LIBRARY...
SQL:    select artist_name, album_year, album_name, song_title, plays from songs join albums on songs.album_id = albums.album_id join artists on albums.artist_id = artists.artist_id order by artist_name, album_year, album_name, position asc
Disconnected from MUSIC_LIBRARY.
2024-03-28 17:58:13
URL:    /api/playSong?songId=1
Connected to MUSIC_LIBRARY...
SQL:    update songs set plays = ? + 1 where song_id = ?
Disconnected from MUSIC_LIBRARY.
2024-03-28 17:58:21
URL:    /api/playSong?songId=2
Connected to MUSIC_LIBRARY...
SQL:    update songs set plays = ? + 1 where song_id = ?
Disconnected from MUSIC_LIBRARY.
2024-03-28 17:58:24
URL:    /api/playSong?songId=3
Connected to MUSIC_LIBRARY...
SQL:    update songs set plays = ? + 1 where song_id = ?
Disconnected from MUSIC_LIBRARY.
2024-03-28 17:58:29
URL:    /api/playSong?songId=4
Connected to MUSIC_LIBRARY...
SQL:    update songs set plays = ? + 1 where song_id = ?
Disconnected from MUSIC_LIBRARY.
2024-03-28 17:58:34
URL:    /api/getLibrary
Connected to MUSIC_LIBRARY...
SQL:    select artist_name, album_year, album_name, song_title, plays from songs join albums on songs.album_id = albums.album_id join artists on albums.artist_id = artists.artist_id order by artist_name, album_year, album_name, position asc
Disconnected from MUSIC_LIBRARY.
2024-03-28 17:58:48
URL:    /api/addSong?albumId=1&position=3&songTitle=Howling
Connected to MUSIC_LIBRARY...
SQL:    insert into songs(artist_id, album_id, position, song_title) values((select artist_id from albums where album_id = ?), ?, ?, ?)
Disconnected from MUSIC_LIBRARY.
2024-03-28 17:59:01
URL:    /api/addSong?albumId=1&position=4&songTitle=Amaterasu
Connected to MUSIC_LIBRARY...
SQL:    insert into songs(artist_id, album_id, position, song_title) values((select artist_id from albums where album_id = ?), ?, ?, ?)
Disconnected from MUSIC_LIBRARY.
2024-03-28 17:59:09
URL:    /api/addSong?albumId=1&position=5&songTitle=Bounce
Connected to MUSIC_LIBRARY...
SQL:    insert into songs(artist_id, album_id, position, song_title) values((select artist_id from albums where album_id = ?), ?, ?, ?)
Disconnected from MUSIC_LIBRARY.
2024-03-28 17:59:22
URL:    /api/addSong?albumId=1&position=7&songTitle=Synthetic
Connected to MUSIC_LIBRARY...
SQL:    insert into songs(artist_id, album_id, position, song_title) values((select artist_id from albums where album_id = ?), ?, ?, ?)
Disconnected from MUSIC_LIBRARY.
2024-03-28 17:59:39
URL:    /api/addSong?albumId=1&position=8&songTitle=Eclipse
Connected to MUSIC_LIBRARY...
SQL:    insert into songs(artist_id, album_id, position, song_title) values((select artist_id from albums where album_id = ?), ?, ?, ?)
Disconnected from MUSIC_LIBRARY.
2024-03-28 17:59:50
URL:    /api/addSong?albumId=1&position=9&songTitle=Brainwashed
Connected to MUSIC_LIBRARY...
SQL:    insert into songs(artist_id, album_id, position, song_title) values((select artist_id from albums where album_id = ?), ?, ?, ?)
Disconnected from MUSIC_LIBRARY.
2024-03-28 17:59:52
URL:    /api/getSongs
Connected to MUSIC_LIBRARY...
SQL:    select * from songs order by song_title asc
Disconnected from MUSIC_LIBRARY.
2024-03-28 18:00:08
URL:    /api/getLibrary
Connected to MUSIC_LIBRARY...
SQL:    select artist_name, album_year, album_name, song_title, plays from songs join albums on songs.album_id = albums.album_id join artists on albums.artist_id = artists.artist_id order by artist_name, album_year, album_name, position asc
Disconnected from MUSIC_LIBRARY.
2024-03-28 18:00:19
URL:    /api/playSong?songId=1
Connected to MUSIC_LIBRARY...
SQL:    update songs set plays = ? + 1 where song_id = ?
Disconnected from MUSIC_LIBRARY.
2024-03-28 18:00:22
URL:    /api/playSong?songId=2
Connected to MUSIC_LIBRARY...
SQL:    update songs set plays = ? + 1 where song_id = ?
Disconnected from MUSIC_LIBRARY.
2024-03-28 18:00:25
URL:    /api/playSong?songId=3
Connected to MUSIC_LIBRARY...
SQL:    update songs set plays = ? + 1 where song_id = ?
Disconnected from MUSIC_LIBRARY.
2024-03-28 18:00:29
URL:    /api/playSong?songId=4
Connected to MUSIC_LIBRARY...
SQL:    update songs set plays = ? + 1 where song_id = ?
Disconnected from MUSIC_LIBRARY.
2024-03-28 18:00:31
URL:    /api/playSong?songId=5
Connected to MUSIC_LIBRARY...
SQL:    update songs set plays = ? + 1 where song_id = ?
Disconnected from MUSIC_LIBRARY.
2024-03-28 18:00:34
URL:    /api/playSong?songId=6
Connected to MUSIC_LIBRARY...
SQL:    update songs set plays = ? + 1 where song_id = ?
Disconnected from MUSIC_LIBRARY.
2024-03-28 18:00:37
URL:    /api/playSong?songId=7
Connected to MUSIC_LIBRARY...
SQL:    update songs set plays = ? + 1 where song_id = ?
Disconnected from MUSIC_LIBRARY.
2024-03-28 18:00:40
URL:    /api/playSong?songId=8
Connected to MUSIC_LIBRARY...
SQL:    update songs set plays = ? + 1 where song_id = ?
Disconnected from MUSIC_LIBRARY.
2024-03-28 18:00:44
URL:    /api/playSong?songId=9
Connected to MUSIC_LIBRARY...
SQL:    update songs set plays = ? + 1 where song_id = ?
Disconnected from MUSIC_LIBRARY.
2024-03-28 18:00:48
URL:    /api/playSong?songId=10
Connected to MUSIC_LIBRARY...
SQL:    update songs set plays = ? + 1 where song_id = ?
Disconnected from MUSIC_LIBRARY.
2024-03-28 18:00:50
URL:    /api/getLibrary
Connected to MUSIC_LIBRARY...
SQL:    select artist_name, album_year, album_name, song_title, plays from songs join albums on songs.album_id = albums.album_id join artists on albums.artist_id = artists.artist_id order by artist_name, album_year, album_name, position asc
Disconnected from MUSIC_LIBRARY.
2024-03-28 18:01:10
URL:    /api/clearPlays?songId=1
Connected to MUSIC_LIBRARY...
SQL:    update songs set plays = 0 where song_id = ?
Disconnected from MUSIC_LIBRARY.
2024-03-28 18:01:13
URL:    /api/clearPlays?songId=2
Connected to MUSIC_LIBRARY...
SQL:    update songs set plays = 0 where song_id = ?
Disconnected from MUSIC_LIBRARY.
2024-03-28 18:01:16
URL:    /api/clearPlays?songId=3
Connected to MUSIC_LIBRARY...
SQL:    update songs set plays = 0 where song_id = ?
Disconnected from MUSIC_LIBRARY.
2024-03-28 18:01:19
URL:    /api/clearPlays?songId=4
Connected to MUSIC_LIBRARY...
SQL:    update songs set plays = 0 where song_id = ?
Disconnected from MUSIC_LIBRARY.
2024-03-28 18:01:30
URL:    /api/clearPlays?songId=5
Connected to MUSIC_LIBRARY...
SQL:    update songs set plays = 0 where song_id = ?
Disconnected from MUSIC_LIBRARY.
2024-03-28 18:01:35
URL:    /api/clearPlays?songId=6
Connected to MUSIC_LIBRARY...
SQL:    update songs set plays = 0 where song_id = ?
Disconnected from MUSIC_LIBRARY.
2024-03-28 18:01:38
URL:    /api/clearPlays?songId=7
Connected to MUSIC_LIBRARY...
SQL:    update songs set plays = 0 where song_id = ?
Disconnected from MUSIC_LIBRARY.
2024-03-28 18:01:43
URL:    /api/clearPlays?songId=8
Connected to MUSIC_LIBRARY...
SQL:    update songs set plays = 0 where song_id = ?
Disconnected from MUSIC_LIBRARY.
2024-03-28 18:01:46
URL:    /api/clearPlays?songId=9
Connected to MUSIC_LIBRARY...
SQL:    update songs set plays = 0 where song_id = ?
Disconnected from MUSIC_LIBRARY.
2024-03-28 18:01:52
URL:    /api/clearPlays?songId=10
Connected to MUSIC_LIBRARY...
SQL:    update songs set plays = 0 where song_id = ?
Disconnected from MUSIC_LIBRARY.
2024-03-28 18:01:54
URL:    /api/getLibrary
Connected to MUSIC_LIBRARY...
SQL:    select artist_name, album_year, album_name, song_title, plays from songs join albums on songs.album_id = albums.album_id join artists on albums.artist_id = artists.artist_id order by artist_name, album_year, album_name, position asc
Disconnected from MUSIC_LIBRARY.
2024-03-28 18:02:09
URL:    /api/findSongs?pattern=portals
Connected to MUSIC_LIBRARY...
SQL:    select artists.artist_id, artists.artist_name, albums.album_id, albums.album_year, albums.album_name, songs.song_id, songs.position, songs.song_title, songs.plays from songs join albums on songs.album_id = albums.album_id join artists on albums.artist_id = artists.artist_id where artists.artist_id = ? or artists.artist_name like ? or albums.album_id = ? or albums.album_year = ? or albums.album_name like ? or songs.song_id = ? or songs.song_title like ? order by artists.artist_name, albums.album_year, albums.album_name, songs.position asc
Disconnected from MUSIC_LIBRARY.
